<?xml version="1.0" encoding="UTF-8"?>
<!-- Generated by org.testng.reporters.JUnitReportReporter -->
<testsuite hostname="mangesh-sutar" failures="0" tests="1" name="KarnatakBank_pkg.KarnatakaBank_Pro.ServerAutomationTest" time="4.484" errors="0" timestamp="2024-12-06T13:06:25 IST" skipped="0">
  <testcase classname="KarnatakBank_pkg.KarnatakaBank_Pro.ServerAutomationTest" name="testShellScriptExecution" time="4.484"/>
</testsuite> <!-- KarnatakBank_pkg.KarnatakaBank_Pro.ServerAutomationTest -->
